<?xml version="1.0" encoding="UTF-8"?>
<!-- Generated by org.testng.reporters.JUnitXMLReporter -->
<testsuite hostname="Imad-PC" name="Test" tests="3" failures="0" timestamp="20 Apr 2016 04:00:29 GMT" time="16.423" errors="0">
  <testcase name="verifyNavigateToAboutOmeg" time="2.785" classname="com.omego.uddinOmego.testCases.Ts001_Tc_001_VerifyNavigateToAboutOmego"/>
  <testcase name="verifyNavigateToOmegoAlert" time="3.755" classname="com.omego.uddinOmego.testCases.Ts001_Tc002_VerifyNavigateOmgeoAlertPage"/>
  <testcase name="verifyLeadershipPage" time="9.833" classname="com.omego.uddinOmego.testCases.Ts001_Tc003_VerifyLeadershipTeamPage"/>
</testsuite> <!-- Test -->
