<?xml version="1.0" encoding="UTF-8"?>
<testng-results skipped="0" failed="0" total="3" passed="3">
  <reporter-output>
  </reporter-output>
  <suite name="Suite" duration-ms="10150" started-at="2016-04-20T04:18:45Z" finished-at="2016-04-20T04:18:55Z">
    <groups>
    </groups>
    <test name="Test" duration-ms="10150" started-at="2016-04-20T04:18:45Z" finished-at="2016-04-20T04:18:55Z">
      <class name="com.omego.uddinOmego.testCases.Ts001_Tc_001_VerifyNavigateToAboutOmego">
        <test-method status="PASS" signature="verifyNavigateToAboutOmeg()[pri:0, instance:com.omego.uddinOmego.testCases.Ts001_Tc_001_VerifyNavigateToAboutOmego@7e0ea639]" name="verifyNavigateToAboutOmeg" duration-ms="2419" started-at="2016-04-20T00:18:45Z" finished-at="2016-04-20T00:18:47Z">
          <reporter-output>
          </reporter-output>
        </test-method> <!-- verifyNavigateToAboutOmeg -->
      </class> <!-- com.omego.uddinOmego.testCases.Ts001_Tc_001_VerifyNavigateToAboutOmego -->
      <class name="com.omego.uddinOmego.testCases.Ts001_Tc003_VerifyLeadershipTeamPage">
        <test-method status="PASS" signature="verifyLeadershipPage()[pri:0, instance:com.omego.uddinOmego.testCases.Ts001_Tc003_VerifyLeadershipTeamPage@59a6e353]" name="verifyLeadershipPage" duration-ms="4748" started-at="2016-04-20T00:18:50Z" finished-at="2016-04-20T00:18:55Z">
          <reporter-output>
          </reporter-output>
        </test-method> <!-- verifyLeadershipPage -->
      </class> <!-- com.omego.uddinOmego.testCases.Ts001_Tc003_VerifyLeadershipTeamPage -->
      <class name="com.omego.uddinOmego.testCases.Ts001_Tc002_VerifyNavigateOmgeoAlertPage">
        <test-method status="PASS" signature="verifyNavigateToOmegoAlert()[pri:0, instance:com.omego.uddinOmego.testCases.Ts001_Tc002_VerifyNavigateOmgeoAlertPage@3d24753a]" name="verifyNavigateToOmegoAlert" duration-ms="2943" started-at="2016-04-20T00:18:47Z" finished-at="2016-04-20T00:18:50Z">
          <reporter-output>
          </reporter-output>
        </test-method> <!-- verifyNavigateToOmegoAlert -->
      </class> <!-- com.omego.uddinOmego.testCases.Ts001_Tc002_VerifyNavigateOmgeoAlertPage -->
      <class name="com.omego.uddinOmego.utilities.OmegoDriver">
        <test-method status="PASS" signature="setUp()[pri:0, instance:com.omego.uddinOmego.utilities.OmegoDriver@30c7da1e]" name="setUp" is-config="true" duration-ms="15651" started-at="2016-04-20T00:18:29Z" finished-at="2016-04-20T00:18:45Z">
          <reporter-output>
          </reporter-output>
        </test-method> <!-- setUp -->
        <test-method status="PASS" signature="tearDown()[pri:0, instance:com.omego.uddinOmego.utilities.OmegoDriver@30c7da1e]" name="tearDown" is-config="true" duration-ms="650" started-at="2016-04-20T00:18:55Z" finished-at="2016-04-20T00:18:56Z">
          <reporter-output>
          </reporter-output>
        </test-method> <!-- tearDown -->
      </class> <!-- com.omego.uddinOmego.utilities.OmegoDriver -->
    </test> <!-- Test -->
  </suite> <!-- Suite -->
</testng-results>
