<?xml version="1.0" encoding="UTF-8"?>
<!-- Generated by org.testng.reporters.JUnitXMLReporter -->
<testsuite hostname="Imad-PC" name="Test" tests="3" failures="0" timestamp="20 Apr 2016 04:18:55 GMT" time="10.15" errors="0">
  <testcase name="verifyNavigateToAboutOmeg" time="2.419" classname="com.omego.uddinOmego.testCases.Ts001_Tc_001_VerifyNavigateToAboutOmego"/>
  <testcase name="verifyNavigateToOmegoAlert" time="2.943" classname="com.omego.uddinOmego.testCases.Ts001_Tc002_VerifyNavigateOmgeoAlertPage"/>
  <testcase name="verifyLeadershipPage" time="4.748" classname="com.omego.uddinOmego.testCases.Ts001_Tc003_VerifyLeadershipTeamPage"/>
</testsuite> <!-- Test -->
